<?xml version="1.0" encoding="UTF-8"?>
<!-- Generated by org.testng.reporters.JUnitReportReporter -->
<testsuite skipped="0" hostname="Moon-PC" name="testGit.Test_2" tests="1" failures="0" timestamp="07 Jun 2018 04:57:59 GMT" time="34.707" errors="0">
  <testcase name="dropdown" time="34.707" classname="testGit.Test_2"/>
</testsuite> <!-- testGit.Test_2 -->
