<?xml version="1.0" encoding="UTF-8"?>
<!-- Generated by org.testng.reporters.JUnitReportReporter -->
<testsuite skipped="0" hostname="Moon-PC" name="testGit.Test_1" tests="2" failures="0" timestamp="10 Jun 2018 05:33:42 GMT" time="0.015" errors="0">
  <testcase name="testjava" time="0.000" classname="testGit.Test_1"/>
  <testcase name="test2java" time="0.015" classname="testGit.Test_1"/>
</testsuite> <!-- testGit.Test_1 -->
