<?xml version="1.0" encoding="UTF-8"?>
<!-- Generated by org.testng.reporters.JUnitReportReporter -->
<testsuite skipped="0" hostname="Moon-PC" name="newPackage.ActionTest" tests="1" failures="0" timestamp="02 Jun 2018 22:27:15 GMT" time="12.463" errors="0">
  <testcase name="setup" time="12.463" classname="newPackage.ActionTest"/>
</testsuite> <!-- newPackage.ActionTest -->
